# JRE version: OpenJDK Runtime Environment (21.0.6) (build 21.0.6+-13391695-b895.109)
# Java VM: OpenJDK 64-Bit Server VM (21.0.6+-13391695-b895.109, mixed mode, tiered, compressed oops, compressed class ptrs, g1 gc, windows-amd64)
GC Precious Log:
 CardTable entry size: 512
 Card Set container configuration: InlinePtr #cards 5 size 8 Array Of Cards #cards 12 size 40 Howl #buckets 4 coarsen threshold 1843 Howl Bitmap #cards 512 size 80 coarsen threshold 460 Card regions per heap region 1 cards per card region 2048
 CPUs: 8 total, 8 available
 Memory: 16275M
 Large Page Support: Disabled
 NUMA Support: Disabled
 Compressed Oops: Enabled (32-bit)
 Heap Region Size: 1M
 Heap Min Capacity: 8M
 Heap Initial Capacity: 256M
 Heap Max Capacity: 2G
 Pre-touch: Disabled
 Parallel Workers: 8
 Concurrent Workers: 2
 Concurrent Refinement Workers: 8
 Periodic GC: Disabled
Heap:
 garbage-first heap   total 179200K, used 148476K [0x0000000080000000, 0x0000000100000000)
  region size 1024K, 45 young (46080K), 4 survivors (4096K)
 Metaspace       used 74191K, committed 76096K, reserved 1114112K
  class space    used 10058K, committed 11008K, reserved 1048576K
GC Heap History (20 events):
Event: 6.762 GC heap after
{Heap after GC invocations=16 (full 0):
 garbage-first heap   total 109568K, used 69705K [0x0000000080000000, 0x0000000100000000)
  region size 1024K, 4 young (4096K), 4 survivors (4096K)
 Metaspace       used 53386K, committed 54976K, reserved 1114112K
  class space    used 7153K, committed 7936K, reserved 1048576K
}
Event: 7.139 GC heap before
{Heap before GC invocations=17 (full 0):
 garbage-first heap   total 117760K, used 97353K [0x0000000080000000, 0x0000000100000000)
  region size 1024K, 31 young (31744K), 4 survivors (4096K)
 Metaspace       used 56527K, committed 58112K, reserved 1114112K
  class space    used 7703K, committed 8512K, reserved 1048576K
}
Event: 7.145 GC heap after
{Heap after GC invocations=18 (full 0):
 garbage-first heap   total 117760K, used 71597K [0x0000000080000000, 0x0000000100000000)
  region size 1024K, 4 young (4096K), 4 survivors (4096K)
 Metaspace       used 56527K, committed 58112K, reserved 1114112K
  class space    used 7703K, committed 8512K, reserved 1048576K
}
Event: 7.649 GC heap before
{Heap before GC invocations=18 (full 0):
 garbage-first heap   total 117760K, used 115629K [0x0000000080000000, 0x0000000100000000)
  region size 1024K, 32 young (32768K), 4 survivors (4096K)
 Metaspace       used 57948K, committed 59520K, reserved 1114112K
  class space    used 7856K, committed 8640K, reserved 1048576K
}
Event: 7.657 GC heap after
{Heap after GC invocations=19 (full 0):
 garbage-first heap   total 152576K, used 92667K [0x0000000080000000, 0x0000000100000000)
  region size 1024K, 5 young (5120K), 5 survivors (5120K)
 Metaspace       used 57948K, committed 59520K, reserved 1114112K
  class space    used 7856K, committed 8640K, reserved 1048576K
}
Event: 7.658 GC heap before
{Heap before GC invocations=19 (full 0):
 garbage-first heap   total 152576K, used 92667K [0x0000000080000000, 0x0000000100000000)
  region size 1024K, 6 young (6144K), 5 survivors (5120K)
 Metaspace       used 57948K, committed 59520K, reserved 1114112K
  class space    used 7856K, committed 8640K, reserved 1048576K
}
Event: 7.662 GC heap after
{Heap after GC invocations=20 (full 0):
 garbage-first heap   total 152576K, used 93924K [0x0000000080000000, 0x0000000100000000)
  region size 1024K, 1 young (1024K), 1 survivors (1024K)
 Metaspace       used 57948K, committed 59520K, reserved 1114112K
  class space    used 7856K, committed 8640K, reserved 1048576K
}
Event: 7.981 GC heap before
{Heap before GC invocations=21 (full 0):
 garbage-first heap   total 160768K, used 129764K [0x0000000080000000, 0x0000000100000000)
  region size 1024K, 34 young (34816K), 1 survivors (1024K)
 Metaspace       used 59871K, committed 61504K, reserved 1114112K
  class space    used 8031K, committed 8832K, reserved 1048576K
}
Event: 7.983 GC heap after
{Heap after GC invocations=22 (full 0):
 garbage-first heap   total 160768K, used 93973K [0x0000000080000000, 0x0000000100000000)
  region size 1024K, 1 young (1024K), 1 survivors (1024K)
 Metaspace       used 59871K, committed 61504K, reserved 1114112K
  class space    used 8031K, committed 8832K, reserved 1048576K
}
Event: 8.628 GC heap before
{Heap before GC invocations=22 (full 0):
 garbage-first heap   total 160768K, used 135957K [0x0000000080000000, 0x0000000100000000)
  region size 1024K, 42 young (43008K), 1 survivors (1024K)
 Metaspace       used 65317K, committed 67008K, reserved 1114112K
  class space    used 8821K, committed 9664K, reserved 1048576K
}
Event: 8.632 GC heap after
{Heap after GC invocations=23 (full 0):
 garbage-first heap   total 160768K, used 95204K [0x0000000080000000, 0x0000000100000000)
  region size 1024K, 3 young (3072K), 3 survivors (3072K)
 Metaspace       used 65317K, committed 67008K, reserved 1114112K
  class space    used 8821K, committed 9664K, reserved 1048576K
}
Event: 9.366 GC heap before
{Heap before GC invocations=23 (full 0):
 garbage-first heap   total 160768K, used 138212K [0x0000000080000000, 0x0000000100000000)
  region size 1024K, 45 young (46080K), 3 survivors (3072K)
 Metaspace       used 70264K, committed 72128K, reserved 1114112K
  class space    used 9573K, committed 10496K, reserved 1048576K
}
Event: 9.372 GC heap after
{Heap after GC invocations=24 (full 0):
 garbage-first heap   total 160768K, used 97795K [0x0000000080000000, 0x0000000100000000)
  region size 1024K, 5 young (5120K), 5 survivors (5120K)
 Metaspace       used 70264K, committed 72128K, reserved 1114112K
  class space    used 9573K, committed 10496K, reserved 1048576K
}
Event: 10.331 GC heap before
{Heap before GC invocations=25 (full 0):
 garbage-first heap   total 163840K, used 141827K [0x0000000080000000, 0x0000000100000000)
  region size 1024K, 48 young (49152K), 5 survivors (5120K)
 Metaspace       used 73587K, committed 75456K, reserved 1114112K
  class space    used 10040K, committed 11008K, reserved 1048576K
}
Event: 10.339 GC heap after
{Heap after GC invocations=26 (full 0):
 garbage-first heap   total 163840K, used 101779K [0x0000000080000000, 0x0000000100000000)
  region size 1024K, 6 young (6144K), 6 survivors (6144K)
 Metaspace       used 73587K, committed 75456K, reserved 1114112K
  class space    used 10040K, committed 11008K, reserved 1048576K
}
Event: 10.856 GC heap before
{Heap before GC invocations=26 (full 0):
 garbage-first heap   total 163840K, used 144787K [0x0000000080000000, 0x0000000100000000)
  region size 1024K, 49 young (50176K), 6 survivors (6144K)
 Metaspace       used 74013K, committed 75904K, reserved 1114112K
  class space    used 10040K, committed 11008K, reserved 1048576K
}
Event: 10.866 GC heap after
{Heap after GC invocations=27 (full 0):
 garbage-first heap   total 163840K, used 105388K [0x0000000080000000, 0x0000000100000000)
  region size 1024K, 5 young (5120K), 5 survivors (5120K)
 Metaspace       used 74013K, committed 75904K, reserved 1114112K
  class space    used 10040K, committed 11008K, reserved 1048576K
}
Event: 11.301 GC heap before
{Heap before GC invocations=27 (full 0):
 garbage-first heap   total 163840K, used 146348K [0x0000000080000000, 0x0000000100000000)
  region size 1024K, 46 young (47104K), 5 survivors (5120K)
 Metaspace       used 74099K, committed 76032K, reserved 1114112K
  class space    used 10041K, committed 11008K, reserved 1048576K
}
Event: 11.306 GC heap after
{Heap after GC invocations=28 (full 0):
 garbage-first heap   total 163840K, used 106492K [0x0000000080000000, 0x0000000100000000)
  region size 1024K, 4 young (4096K), 4 survivors (4096K)
 Metaspace       used 74099K, committed 76032K, reserved 1114112K
  class space    used 10041K, committed 11008K, reserved 1048576K
}
Event: 12.061 GC heap before
{Heap before GC invocations=29 (full 0):
 garbage-first heap   total 179200K, used 147452K [0x0000000080000000, 0x0000000100000000)
  region size 1024K, 45 young (46080K), 4 survivors (4096K)
 Metaspace       used 74191K, committed 76096K, reserved 1114112K
  class space    used 10058K, committed 11008K, reserved 1048576K
}

