# JRE version: OpenJDK Runtime Environment (21.0.6) (build 21.0.6+-13391695-b895.109)
# Java VM: OpenJDK 64-Bit Server VM (21.0.6+-13391695-b895.109, mixed mode, tiered, compressed oops, compressed class ptrs, g1 gc, windows-amd64)
GC Precious Log:
 CardTable entry size: 512
 Card Set container configuration: InlinePtr #cards 5 size 8 Array Of Cards #cards 12 size 40 Howl #buckets 4 coarsen threshold 1843 Howl Bitmap #cards 512 size 80 coarsen threshold 460 Card regions per heap region 1 cards per card region 2048
 CPUs: 8 total, 8 available
 Memory: 16275M
 Large Page Support: Disabled
 NUMA Support: Disabled
 Compressed Oops: Enabled (32-bit)
 Heap Region Size: 1M
 Heap Min Capacity: 8M
 Heap Initial Capacity: 256M
 Heap Max Capacity: 2G
 Pre-touch: Disabled
 Parallel Workers: 8
 Concurrent Workers: 2
 Concurrent Refinement Workers: 8
 Periodic GC: Disabled
Heap:
 garbage-first heap   total 271360K, used 197485K [0x0000000080000000, 0x0000000100000000)
  region size 1024K, 27 young (27648K), 5 survivors (5120K)
 Metaspace       used 125974K, committed 128384K, reserved 1179648K
  class space    used 16910K, committed 18112K, reserved 1048576K
GC Heap History (20 events):
Event: 12.383 GC heap before
{Heap before GC invocations=28 (full 0):
 garbage-first heap   total 207872K, used 189964K [0x0000000080000000, 0x0000000100000000)
  region size 1024K, 60 young (61440K), 6 survivors (6144K)
 Metaspace       used 88491K, committed 90560K, reserved 1179648K
  class space    used 11859K, committed 12928K, reserved 1048576K
}
Event: 12.389 GC heap after
{Heap after GC invocations=29 (full 0):
 garbage-first heap   total 207872K, used 137896K [0x0000000080000000, 0x0000000100000000)
  region size 1024K, 3 young (3072K), 3 survivors (3072K)
 Metaspace       used 88491K, committed 90560K, reserved 1179648K
  class space    used 11859K, committed 12928K, reserved 1048576K
}
Event: 13.198 GC heap before
{Heap before GC invocations=30 (full 0):
 garbage-first heap   total 230400K, used 192168K [0x0000000080000000, 0x0000000100000000)
  region size 1024K, 56 young (57344K), 3 survivors (3072K)
 Metaspace       used 93763K, committed 95808K, reserved 1179648K
  class space    used 12553K, committed 13568K, reserved 1048576K
}
Event: 13.203 GC heap after
{Heap after GC invocations=31 (full 0):
 garbage-first heap   total 230400K, used 140189K [0x0000000080000000, 0x0000000100000000)
  region size 1024K, 6 young (6144K), 6 survivors (6144K)
 Metaspace       used 93763K, committed 95808K, reserved 1179648K
  class space    used 12553K, committed 13568K, reserved 1048576K
}
Event: 14.455 GC heap before
{Heap before GC invocations=31 (full 0):
 garbage-first heap   total 230400K, used 213917K [0x0000000080000000, 0x0000000100000000)
  region size 1024K, 75 young (76800K), 6 survivors (6144K)
 Metaspace       used 97249K, committed 99328K, reserved 1179648K
  class space    used 13037K, committed 14080K, reserved 1048576K
}
Event: 14.466 GC heap after
{Heap after GC invocations=32 (full 0):
 garbage-first heap   total 230400K, used 147426K [0x0000000080000000, 0x0000000100000000)
  region size 1024K, 10 young (10240K), 10 survivors (10240K)
 Metaspace       used 97249K, committed 99328K, reserved 1179648K
  class space    used 13037K, committed 14080K, reserved 1048576K
}
Event: 14.743 GC heap before
{Heap before GC invocations=32 (full 0):
 garbage-first heap   total 230400K, used 168930K [0x0000000080000000, 0x0000000100000000)
  region size 1024K, 32 young (32768K), 10 survivors (10240K)
 Metaspace       used 98835K, committed 100992K, reserved 1179648K
  class space    used 13264K, committed 14336K, reserved 1048576K
}
Event: 14.752 GC heap after
{Heap after GC invocations=33 (full 0):
 garbage-first heap   total 230400K, used 149289K [0x0000000080000000, 0x0000000100000000)
  region size 1024K, 2 young (2048K), 2 survivors (2048K)
 Metaspace       used 98835K, committed 100992K, reserved 1179648K
  class space    used 13264K, committed 14336K, reserved 1048576K
}
Event: 15.693 GC heap before
{Heap before GC invocations=34 (full 0):
 garbage-first heap   total 250880K, used 215849K [0x0000000080000000, 0x0000000100000000)
  region size 1024K, 66 young (67584K), 2 survivors (2048K)
 Metaspace       used 103791K, committed 105984K, reserved 1179648K
  class space    used 14093K, committed 15168K, reserved 1048576K
}
Event: 15.697 GC heap after
{Heap after GC invocations=35 (full 0):
 garbage-first heap   total 250880K, used 150802K [0x0000000080000000, 0x0000000100000000)
  region size 1024K, 4 young (4096K), 4 survivors (4096K)
 Metaspace       used 103791K, committed 105984K, reserved 1179648K
  class space    used 14093K, committed 15168K, reserved 1048576K
}
Event: 16.713 GC heap before
{Heap before GC invocations=35 (full 0):
 garbage-first heap   total 250880K, used 233746K [0x0000000080000000, 0x0000000100000000)
  region size 1024K, 83 young (84992K), 4 survivors (4096K)
 Metaspace       used 112079K, committed 114368K, reserved 1179648K
  class space    used 15281K, committed 16448K, reserved 1048576K
}
Event: 16.721 GC heap after
{Heap after GC invocations=36 (full 0):
 garbage-first heap   total 250880K, used 155921K [0x0000000080000000, 0x0000000100000000)
  region size 1024K, 8 young (8192K), 8 survivors (8192K)
 Metaspace       used 112079K, committed 114368K, reserved 1179648K
  class space    used 15281K, committed 16448K, reserved 1048576K
}
Event: 17.485 GC heap before
{Heap before GC invocations=36 (full 0):
 garbage-first heap   total 250880K, used 228625K [0x0000000080000000, 0x0000000100000000)
  region size 1024K, 79 young (80896K), 8 survivors (8192K)
 Metaspace       used 112083K, committed 114432K, reserved 1179648K
  class space    used 15281K, committed 16448K, reserved 1048576K
}
Event: 17.495 GC heap after
{Heap after GC invocations=37 (full 0):
 garbage-first heap   total 250880K, used 161700K [0x0000000080000000, 0x0000000100000000)
  region size 1024K, 10 young (10240K), 10 survivors (10240K)
 Metaspace       used 112083K, committed 114432K, reserved 1179648K
  class space    used 15281K, committed 16448K, reserved 1048576K
}
Event: 18.130 GC heap before
{Heap before GC invocations=38 (full 0):
 garbage-first heap   total 271360K, used 225188K [0x0000000080000000, 0x0000000100000000)
  region size 1024K, 72 young (73728K), 10 survivors (10240K)
 Metaspace       used 112083K, committed 114432K, reserved 1179648K
  class space    used 15281K, committed 16448K, reserved 1048576K
}
Event: 18.140 GC heap after
{Heap after GC invocations=39 (full 0):
 garbage-first heap   total 271360K, used 164148K [0x0000000080000000, 0x0000000100000000)
  region size 1024K, 6 young (6144K), 6 survivors (6144K)
 Metaspace       used 112083K, committed 114432K, reserved 1179648K
  class space    used 15281K, committed 16448K, reserved 1048576K
}
Event: 19.012 GC heap before
{Heap before GC invocations=39 (full 0):
 garbage-first heap   total 271360K, used 250164K [0x0000000080000000, 0x0000000100000000)
  region size 1024K, 89 young (91136K), 6 survivors (6144K)
 Metaspace       used 116000K, committed 118272K, reserved 1179648K
  class space    used 15692K, committed 16832K, reserved 1048576K
}
Event: 19.020 GC heap after
{Heap after GC invocations=40 (full 0):
 garbage-first heap   total 271360K, used 166511K [0x0000000080000000, 0x0000000100000000)
  region size 1024K, 9 young (9216K), 9 survivors (9216K)
 Metaspace       used 116000K, committed 118272K, reserved 1179648K
  class space    used 15692K, committed 16832K, reserved 1048576K
}
Event: 20.098 GC heap before
{Heap before GC invocations=40 (full 0):
 garbage-first heap   total 271360K, used 247407K [0x0000000080000000, 0x0000000100000000)
  region size 1024K, 88 young (90112K), 9 survivors (9216K)
 Metaspace       used 122811K, committed 125248K, reserved 1179648K
  class space    used 16657K, committed 17856K, reserved 1048576K
}
Event: 20.107 GC heap after
{Heap after GC invocations=41 (full 0):
 garbage-first heap   total 271360K, used 171885K [0x0000000080000000, 0x0000000100000000)
  region size 1024K, 5 young (5120K), 5 survivors (5120K)
 Metaspace       used 122811K, committed 125248K, reserved 1179648K
  class space    used 16657K, committed 17856K, reserved 1048576K
}

